<?xml version="1.0" encoding="UTF-8"?>
<!-- Generated by org.testng.reporters.JUnitXMLReporter -->
<testsuite hostname="DESKTOP-OPNNFTC" ignored="0" name="test-1" tests="1" failures="0" timestamp="2020-09-19T09:24:58 IST" time="61.881" errors="0">
  <testcase name="loginTestValidUser" time="57.296" classname="com.autotest.tests.LoginTest"/>
</testsuite> <!-- test-1 -->
