<?xml version="1.0" encoding="UTF-8"?>
<!-- Generated by org.testng.reporters.JUnitXMLReporter -->
<testsuite hostname="DESKTOP-OPNNFTC" ignored="0" name="test-2" tests="1" failures="0" timestamp="2020-09-12T21:49:39 IST" time="34.077" errors="0">
  <testcase name="loginTestValidUser" time="34.047" classname="com.autotest.tests.Login2Test"/>
</testsuite> <!-- test-2 -->
