<?xml version="1.0" encoding="UTF-8"?>
<!-- Generated by org.testng.reporters.JUnitXMLReporter -->
<testsuite hostname="DESKTOP-OPNNFTC" ignored="0" name="test-1" tests="1" failures="0" timestamp="2020-09-12T21:49:05 IST" time="48.629" errors="0">
  <testcase name="loginTestValidUser" time="45.648" classname="com.autotest.tests.LoginTest"/>
</testsuite> <!-- test-1 -->
