<?xml version="1.0" encoding="UTF-8"?>
<!-- Generated by org.testng.reporters.JUnitXMLReporter -->
<testsuite hostname="DESKTOP-OPNNFTC" ignored="0" name="test-1" tests="1" failures="0" timestamp="2020-09-17T18:22:33 IST" time="56.103" errors="0">
  <testcase name="loginTestValidUser" time="53.339" classname="com.autotest.tests.LoginTest"/>
</testsuite> <!-- test-1 -->
