<?xml version="1.0" encoding="UTF-8"?>
<!-- Generated by org.testng.reporters.JUnitXMLReporter -->
<testsuite hostname="DESKTOP-OPNNFTC" ignored="0" name="test-2" tests="1" failures="0" timestamp="2020-09-19T09:25:36 IST" time="38.35" errors="0">
  <testcase name="loginTestValidUser" time="38.286" classname="com.autotest.tests.Login2Test"/>
</testsuite> <!-- test-2 -->
