<?xml version="1.0" encoding="UTF-8"?>
<testsuite xmlns:xsi="http://www.w3.org/2001/XMLSchema-instance" xsi:noNamespaceSchemaLocation="https://maven.apache.org/surefire/maven-surefire-plugin/xsd/surefire-test-report.xsd" name="com.autotest.steps.CucumberRunner" time="32.832" tests="1" errors="0" skipped="0" failures="0">
  <properties>
    <property name="sun.desktop" value="windows"/>
    <property name="awt.toolkit" value="sun.awt.windows.WToolkit"/>
    <property name="file.encoding.pkg" value="sun.io"/>
    <property name="java.specification.version" value="1.8"/>
    <property name="sun.cpu.isalist" value="amd64"/>
    <property name="sun.jnu.encoding" value="Cp1252"/>
    <property name="java.class.path" value="C:\Users\Sony\Documents\Workspace1\autotest\target\test-classes;C:\Users\Sony\Documents\Workspace1\autotest\target\classes;C:\Users\Sony\.m2\repository\org\springframework\boot\spring-boot-starter\2.3.3.RELEASE\spring-boot-starter-2.3.3.RELEASE.jar;C:\Users\Sony\.m2\repository\org\springframework\boot\spring-boot\2.3.3.RELEASE\spring-boot-2.3.3.RELEASE.jar;C:\Users\Sony\.m2\repository\org\springframework\spring-context\5.2.8.RELEASE\spring-context-5.2.8.RELEASE.jar;C:\Users\Sony\.m2\repository\org\springframework\spring-aop\5.2.8.RELEASE\spring-aop-5.2.8.RELEASE.jar;C:\Users\Sony\.m2\repository\org\springframework\spring-beans\5.2.8.RELEASE\spring-beans-5.2.8.RELEASE.jar;C:\Users\Sony\.m2\repository\org\springframework\spring-expression\5.2.8.RELEASE\spring-expression-5.2.8.RELEASE.jar;C:\Users\Sony\.m2\repository\org\springframework\boot\spring-boot-autoconfigure\2.3.3.RELEASE\spring-boot-autoconfigure-2.3.3.RELEASE.jar;C:\Users\Sony\.m2\repository\org\springframework\boot\spring-boot-starter-logging\2.3.3.RELEASE\spring-boot-starter-logging-2.3.3.RELEASE.jar;C:\Users\Sony\.m2\repository\ch\qos\logback\logback-classic\1.2.3\logback-classic-1.2.3.jar;C:\Users\Sony\.m2\repository\ch\qos\logback\logback-core\1.2.3\logback-core-1.2.3.jar;C:\Users\Sony\.m2\repository\org\apache\logging\log4j\log4j-to-slf4j\2.13.3\log4j-to-slf4j-2.13.3.jar;C:\Users\Sony\.m2\repository\org\apache\logging\log4j\log4j-api\2.13.3\log4j-api-2.13.3.jar;C:\Users\Sony\.m2\repository\org\slf4j\jul-to-slf4j\1.7.30\jul-to-slf4j-1.7.30.jar;C:\Users\Sony\.m2\repository\jakarta\annotation\jakarta.annotation-api\1.3.5\jakarta.annotation-api-1.3.5.jar;C:\Users\Sony\.m2\repository\org\springframework\spring-core\5.2.8.RELEASE\spring-core-5.2.8.RELEASE.jar;C:\Users\Sony\.m2\repository\org\springframework\spring-jcl\5.2.8.RELEASE\spring-jcl-5.2.8.RELEASE.jar;C:\Users\Sony\.m2\repository\org\yaml\snakeyaml\1.26\snakeyaml-1.26.jar;C:\Users\Sony\.m2\repository\org\springframework\boot\spring-boot-starter-test\2.3.3.RELEASE\spring-boot-starter-test-2.3.3.RELEASE.jar;C:\Users\Sony\.m2\repository\org\springframework\boot\spring-boot-test\2.3.3.RELEASE\spring-boot-test-2.3.3.RELEASE.jar;C:\Users\Sony\.m2\repository\org\springframework\boot\spring-boot-test-autoconfigure\2.3.3.RELEASE\spring-boot-test-autoconfigure-2.3.3.RELEASE.jar;C:\Users\Sony\.m2\repository\com\jayway\jsonpath\json-path\2.4.0\json-path-2.4.0.jar;C:\Users\Sony\.m2\repository\net\minidev\json-smart\2.3\json-smart-2.3.jar;C:\Users\Sony\.m2\repository\net\minidev\accessors-smart\1.2\accessors-smart-1.2.jar;C:\Users\Sony\.m2\repository\org\ow2\asm\asm\5.0.4\asm-5.0.4.jar;C:\Users\Sony\.m2\repository\jakarta\xml\bind\jakarta.xml.bind-api\2.3.3\jakarta.xml.bind-api-2.3.3.jar;C:\Users\Sony\.m2\repository\jakarta\activation\jakarta.activation-api\1.2.2\jakarta.activation-api-1.2.2.jar;C:\Users\Sony\.m2\repository\org\assertj\assertj-core\3.16.1\assertj-core-3.16.1.jar;C:\Users\Sony\.m2\repository\org\hamcrest\hamcrest\2.2\hamcrest-2.2.jar;C:\Users\Sony\.m2\repository\org\junit\jupiter\junit-jupiter\5.6.2\junit-jupiter-5.6.2.jar;C:\Users\Sony\.m2\repository\org\junit\jupiter\junit-jupiter-api\5.6.2\junit-jupiter-api-5.6.2.jar;C:\Users\Sony\.m2\repository\org\opentest4j\opentest4j\1.2.0\opentest4j-1.2.0.jar;C:\Users\Sony\.m2\repository\org\junit\platform\junit-platform-commons\1.6.2\junit-platform-commons-1.6.2.jar;C:\Users\Sony\.m2\repository\org\junit\jupiter\junit-jupiter-params\5.6.2\junit-jupiter-params-5.6.2.jar;C:\Users\Sony\.m2\repository\org\junit\jupiter\junit-jupiter-engine\5.6.2\junit-jupiter-engine-5.6.2.jar;C:\Users\Sony\.m2\repository\org\junit\platform\junit-platform-engine\1.6.2\junit-platform-engine-1.6.2.jar;C:\Users\Sony\.m2\repository\org\mockito\mockito-core\3.3.3\mockito-core-3.3.3.jar;C:\Users\Sony\.m2\repository\net\bytebuddy\byte-buddy-agent\1.10.14\byte-buddy-agent-1.10.14.jar;C:\Users\Sony\.m2\repository\org\objenesis\objenesis\2.6\objenesis-2.6.jar;C:\Users\Sony\.m2\repository\org\mockito\mockito-junit-jupiter\3.3.3\mockito-junit-jupiter-3.3.3.jar;C:\Users\Sony\.m2\repository\org\skyscreamer\jsonassert\1.5.0\jsonassert-1.5.0.jar;C:\Users\Sony\.m2\repository\com\vaadin\external\google\android-json\0.0.20131108.vaadin1\android-json-0.0.20131108.vaadin1.jar;C:\Users\Sony\.m2\repository\org\springframework\spring-test\5.2.8.RELEASE\spring-test-5.2.8.RELEASE.jar;C:\Users\Sony\.m2\repository\org\xmlunit\xmlunit-core\2.7.0\xmlunit-core-2.7.0.jar;C:\Users\Sony\.m2\repository\org\seleniumhq\selenium\selenium-java\3.141.59\selenium-java-3.141.59.jar;C:\Users\Sony\.m2\repository\org\seleniumhq\selenium\selenium-api\3.141.59\selenium-api-3.141.59.jar;C:\Users\Sony\.m2\repository\org\seleniumhq\selenium\selenium-chrome-driver\3.141.59\selenium-chrome-driver-3.141.59.jar;C:\Users\Sony\.m2\repository\org\seleniumhq\selenium\selenium-edge-driver\3.141.59\selenium-edge-driver-3.141.59.jar;C:\Users\Sony\.m2\repository\org\seleniumhq\selenium\selenium-firefox-driver\3.141.59\selenium-firefox-driver-3.141.59.jar;C:\Users\Sony\.m2\repository\org\seleniumhq\selenium\selenium-ie-driver\3.141.59\selenium-ie-driver-3.141.59.jar;C:\Users\Sony\.m2\repository\org\seleniumhq\selenium\selenium-opera-driver\3.141.59\selenium-opera-driver-3.141.59.jar;C:\Users\Sony\.m2\repository\org\seleniumhq\selenium\selenium-remote-driver\3.141.59\selenium-remote-driver-3.141.59.jar;C:\Users\Sony\.m2\repository\org\seleniumhq\selenium\selenium-safari-driver\3.141.59\selenium-safari-driver-3.141.59.jar;C:\Users\Sony\.m2\repository\org\seleniumhq\selenium\selenium-support\3.141.59\selenium-support-3.141.59.jar;C:\Users\Sony\.m2\repository\net\bytebuddy\byte-buddy\1.10.14\byte-buddy-1.10.14.jar;C:\Users\Sony\.m2\repository\org\apache\commons\commons-exec\1.3\commons-exec-1.3.jar;C:\Users\Sony\.m2\repository\com\google\guava\guava\25.0-jre\guava-25.0-jre.jar;C:\Users\Sony\.m2\repository\com\google\code\findbugs\jsr305\1.3.9\jsr305-1.3.9.jar;C:\Users\Sony\.m2\repository\org\checkerframework\checker-compat-qual\2.0.0\checker-compat-qual-2.0.0.jar;C:\Users\Sony\.m2\repository\com\google\errorprone\error_prone_annotations\2.1.3\error_prone_annotations-2.1.3.jar;C:\Users\Sony\.m2\repository\com\google\j2objc\j2objc-annotations\1.1\j2objc-annotations-1.1.jar;C:\Users\Sony\.m2\repository\org\codehaus\mojo\animal-sniffer-annotations\1.14\animal-sniffer-annotations-1.14.jar;C:\Users\Sony\.m2\repository\com\squareup\okhttp3\okhttp\3.14.9\okhttp-3.14.9.jar;C:\Users\Sony\.m2\repository\com\squareup\okio\okio\1.14.0\okio-1.14.0.jar;C:\Users\Sony\.m2\repository\io\github\bonigarcia\webdrivermanager\3.8.1\webdrivermanager-3.8.1.jar;C:\Users\Sony\.m2\repository\org\slf4j\slf4j-api\1.7.30\slf4j-api-1.7.30.jar;C:\Users\Sony\.m2\repository\commons-io\commons-io\2.6\commons-io-2.6.jar;C:\Users\Sony\.m2\repository\com\google\code\gson\gson\2.8.6\gson-2.8.6.jar;C:\Users\Sony\.m2\repository\org\apache\commons\commons-lang3\3.10\commons-lang3-3.10.jar;C:\Users\Sony\.m2\repository\org\apache\httpcomponents\httpclient\4.5.12\httpclient-4.5.12.jar;C:\Users\Sony\.m2\repository\org\apache\httpcomponents\httpcore\4.4.13\httpcore-4.4.13.jar;C:\Users\Sony\.m2\repository\commons-codec\commons-codec\1.14\commons-codec-1.14.jar;C:\Users\Sony\.m2\repository\org\rauschig\jarchivelib\1.0.0\jarchivelib-1.0.0.jar;C:\Users\Sony\.m2\repository\org\apache\commons\commons-compress\1.18\commons-compress-1.18.jar;C:\Users\Sony\.m2\repository\org\jsoup\jsoup\1.11.3\jsoup-1.11.3.jar;C:\Users\Sony\.m2\repository\org\testng\testng\7.1.0\testng-7.1.0.jar;C:\Users\Sony\.m2\repository\com\beust\jcommander\1.72\jcommander-1.72.jar;C:\Users\Sony\.m2\repository\com\google\inject\guice\4.1.0\guice-4.1.0-no_aop.jar;C:\Users\Sony\.m2\repository\javax\inject\javax.inject\1\javax.inject-1.jar;C:\Users\Sony\.m2\repository\aopalliance\aopalliance\1.0\aopalliance-1.0.jar;C:\Users\Sony\.m2\repository\org\projectlombok\lombok\1.18.12\lombok-1.18.12.jar;C:\Users\Sony\.m2\repository\io\cucumber\cucumber-java\5.6.0\cucumber-java-5.6.0.jar;C:\Users\Sony\.m2\repository\io\cucumber\cucumber-core\5.6.0\cucumber-core-5.6.0.jar;C:\Users\Sony\.m2\repository\io\cucumber\cucumber-gherkin\5.6.0\cucumber-gherkin-5.6.0.jar;C:\Users\Sony\.m2\repository\io\cucumber\cucumber-gherkin-vintage\5.6.0\cucumber-gherkin-vintage-5.6.0.jar;C:\Users\Sony\.m2\repository\io\cucumber\tag-expressions\2.0.4\tag-expressions-2.0.4.jar;C:\Users\Sony\.m2\repository\io\cucumber\cucumber-expressions\8.3.1\cucumber-expressions-8.3.1.jar;C:\Users\Sony\.m2\repository\io\cucumber\datatable\3.3.1\datatable-3.3.1.jar;C:\Users\Sony\.m2\repository\io\cucumber\cucumber-plugin\5.6.0\cucumber-plugin-5.6.0.jar;C:\Users\Sony\.m2\repository\io\cucumber\docstring\5.6.0\docstring-5.6.0.jar;C:\Users\Sony\.m2\repository\org\apiguardian\apiguardian-api\1.1.0\apiguardian-api-1.1.0.jar;C:\Users\Sony\.m2\repository\io\cucumber\cucumber-spring\5.6.0\cucumber-spring-5.6.0.jar;C:\Users\Sony\.m2\repository\io\cucumber\cucumber-testng\5.6.0\cucumber-testng-5.6.0.jar;"/>
    <property name="java.vm.vendor" value="Oracle Corporation"/>
    <property name="sun.arch.data.model" value="64"/>
    <property name="user.variant" value=""/>
    <property name="java.vendor.url" value="http://java.oracle.com/"/>
    <property name="user.timezone" value="Asia/Calcutta"/>
    <property name="java.vm.specification.version" value="1.8"/>
    <property name="os.name" value="Windows 10"/>
    <property name="user.country" value="IN"/>
    <property name="sun.java.launcher" value="SUN_STANDARD"/>
    <property name="sun.boot.library.path" value="C:\Program Files\Java\jdk1.8.0_221\jre\bin"/>
    <property name="sun.java.command" value="C:\Users\Sony\AppData\Local\Temp\surefire5449813196574486658\surefirebooter6766684914409513073.jar C:\Users\Sony\AppData\Local\Temp\surefire5449813196574486658 2020-09-19T17-24-00_514-jvmRun1 surefire9144712768772562384tmp surefire_08734321225031030639tmp"/>
    <property name="surefire.test.class.path" value="C:\Users\Sony\Documents\Workspace1\autotest\target\test-classes;C:\Users\Sony\Documents\Workspace1\autotest\target\classes;C:\Users\Sony\.m2\repository\org\springframework\boot\spring-boot-starter\2.3.3.RELEASE\spring-boot-starter-2.3.3.RELEASE.jar;C:\Users\Sony\.m2\repository\org\springframework\boot\spring-boot\2.3.3.RELEASE\spring-boot-2.3.3.RELEASE.jar;C:\Users\Sony\.m2\repository\org\springframework\spring-context\5.2.8.RELEASE\spring-context-5.2.8.RELEASE.jar;C:\Users\Sony\.m2\repository\org\springframework\spring-aop\5.2.8.RELEASE\spring-aop-5.2.8.RELEASE.jar;C:\Users\Sony\.m2\repository\org\springframework\spring-beans\5.2.8.RELEASE\spring-beans-5.2.8.RELEASE.jar;C:\Users\Sony\.m2\repository\org\springframework\spring-expression\5.2.8.RELEASE\spring-expression-5.2.8.RELEASE.jar;C:\Users\Sony\.m2\repository\org\springframework\boot\spring-boot-autoconfigure\2.3.3.RELEASE\spring-boot-autoconfigure-2.3.3.RELEASE.jar;C:\Users\Sony\.m2\repository\org\springframework\boot\spring-boot-starter-logging\2.3.3.RELEASE\spring-boot-starter-logging-2.3.3.RELEASE.jar;C:\Users\Sony\.m2\repository\ch\qos\logback\logback-classic\1.2.3\logback-classic-1.2.3.jar;C:\Users\Sony\.m2\repository\ch\qos\logback\logback-core\1.2.3\logback-core-1.2.3.jar;C:\Users\Sony\.m2\repository\org\apache\logging\log4j\log4j-to-slf4j\2.13.3\log4j-to-slf4j-2.13.3.jar;C:\Users\Sony\.m2\repository\org\apache\logging\log4j\log4j-api\2.13.3\log4j-api-2.13.3.jar;C:\Users\Sony\.m2\repository\org\slf4j\jul-to-slf4j\1.7.30\jul-to-slf4j-1.7.30.jar;C:\Users\Sony\.m2\repository\jakarta\annotation\jakarta.annotation-api\1.3.5\jakarta.annotation-api-1.3.5.jar;C:\Users\Sony\.m2\repository\org\springframework\spring-core\5.2.8.RELEASE\spring-core-5.2.8.RELEASE.jar;C:\Users\Sony\.m2\repository\org\springframework\spring-jcl\5.2.8.RELEASE\spring-jcl-5.2.8.RELEASE.jar;C:\Users\Sony\.m2\repository\org\yaml\snakeyaml\1.26\snakeyaml-1.26.jar;C:\Users\Sony\.m2\repository\org\springframework\boot\spring-boot-starter-test\2.3.3.RELEASE\spring-boot-starter-test-2.3.3.RELEASE.jar;C:\Users\Sony\.m2\repository\org\springframework\boot\spring-boot-test\2.3.3.RELEASE\spring-boot-test-2.3.3.RELEASE.jar;C:\Users\Sony\.m2\repository\org\springframework\boot\spring-boot-test-autoconfigure\2.3.3.RELEASE\spring-boot-test-autoconfigure-2.3.3.RELEASE.jar;C:\Users\Sony\.m2\repository\com\jayway\jsonpath\json-path\2.4.0\json-path-2.4.0.jar;C:\Users\Sony\.m2\repository\net\minidev\json-smart\2.3\json-smart-2.3.jar;C:\Users\Sony\.m2\repository\net\minidev\accessors-smart\1.2\accessors-smart-1.2.jar;C:\Users\Sony\.m2\repository\org\ow2\asm\asm\5.0.4\asm-5.0.4.jar;C:\Users\Sony\.m2\repository\jakarta\xml\bind\jakarta.xml.bind-api\2.3.3\jakarta.xml.bind-api-2.3.3.jar;C:\Users\Sony\.m2\repository\jakarta\activation\jakarta.activation-api\1.2.2\jakarta.activation-api-1.2.2.jar;C:\Users\Sony\.m2\repository\org\assertj\assertj-core\3.16.1\assertj-core-3.16.1.jar;C:\Users\Sony\.m2\repository\org\hamcrest\hamcrest\2.2\hamcrest-2.2.jar;C:\Users\Sony\.m2\repository\org\junit\jupiter\junit-jupiter\5.6.2\junit-jupiter-5.6.2.jar;C:\Users\Sony\.m2\repository\org\junit\jupiter\junit-jupiter-api\5.6.2\junit-jupiter-api-5.6.2.jar;C:\Users\Sony\.m2\repository\org\opentest4j\opentest4j\1.2.0\opentest4j-1.2.0.jar;C:\Users\Sony\.m2\repository\org\junit\platform\junit-platform-commons\1.6.2\junit-platform-commons-1.6.2.jar;C:\Users\Sony\.m2\repository\org\junit\jupiter\junit-jupiter-params\5.6.2\junit-jupiter-params-5.6.2.jar;C:\Users\Sony\.m2\repository\org\junit\jupiter\junit-jupiter-engine\5.6.2\junit-jupiter-engine-5.6.2.jar;C:\Users\Sony\.m2\repository\org\junit\platform\junit-platform-engine\1.6.2\junit-platform-engine-1.6.2.jar;C:\Users\Sony\.m2\repository\org\mockito\mockito-core\3.3.3\mockito-core-3.3.3.jar;C:\Users\Sony\.m2\repository\net\bytebuddy\byte-buddy-agent\1.10.14\byte-buddy-agent-1.10.14.jar;C:\Users\Sony\.m2\repository\org\objenesis\objenesis\2.6\objenesis-2.6.jar;C:\Users\Sony\.m2\repository\org\mockito\mockito-junit-jupiter\3.3.3\mockito-junit-jupiter-3.3.3.jar;C:\Users\Sony\.m2\repository\org\skyscreamer\jsonassert\1.5.0\jsonassert-1.5.0.jar;C:\Users\Sony\.m2\repository\com\vaadin\external\google\android-json\0.0.20131108.vaadin1\android-json-0.0.20131108.vaadin1.jar;C:\Users\Sony\.m2\repository\org\springframework\spring-test\5.2.8.RELEASE\spring-test-5.2.8.RELEASE.jar;C:\Users\Sony\.m2\repository\org\xmlunit\xmlunit-core\2.7.0\xmlunit-core-2.7.0.jar;C:\Users\Sony\.m2\repository\org\seleniumhq\selenium\selenium-java\3.141.59\selenium-java-3.141.59.jar;C:\Users\Sony\.m2\repository\org\seleniumhq\selenium\selenium-api\3.141.59\selenium-api-3.141.59.jar;C:\Users\Sony\.m2\repository\org\seleniumhq\selenium\selenium-chrome-driver\3.141.59\selenium-chrome-driver-3.141.59.jar;C:\Users\Sony\.m2\repository\org\seleniumhq\selenium\selenium-edge-driver\3.141.59\selenium-edge-driver-3.141.59.jar;C:\Users\Sony\.m2\repository\org\seleniumhq\selenium\selenium-firefox-driver\3.141.59\selenium-firefox-driver-3.141.59.jar;C:\Users\Sony\.m2\repository\org\seleniumhq\selenium\selenium-ie-driver\3.141.59\selenium-ie-driver-3.141.59.jar;C:\Users\Sony\.m2\repository\org\seleniumhq\selenium\selenium-opera-driver\3.141.59\selenium-opera-driver-3.141.59.jar;C:\Users\Sony\.m2\repository\org\seleniumhq\selenium\selenium-remote-driver\3.141.59\selenium-remote-driver-3.141.59.jar;C:\Users\Sony\.m2\repository\org\seleniumhq\selenium\selenium-safari-driver\3.141.59\selenium-safari-driver-3.141.59.jar;C:\Users\Sony\.m2\repository\org\seleniumhq\selenium\selenium-support\3.141.59\selenium-support-3.141.59.jar;C:\Users\Sony\.m2\repository\net\bytebuddy\byte-buddy\1.10.14\byte-buddy-1.10.14.jar;C:\Users\Sony\.m2\repository\org\apache\commons\commons-exec\1.3\commons-exec-1.3.jar;C:\Users\Sony\.m2\repository\com\google\guava\guava\25.0-jre\guava-25.0-jre.jar;C:\Users\Sony\.m2\repository\com\google\code\findbugs\jsr305\1.3.9\jsr305-1.3.9.jar;C:\Users\Sony\.m2\repository\org\checkerframework\checker-compat-qual\2.0.0\checker-compat-qual-2.0.0.jar;C:\Users\Sony\.m2\repository\com\google\errorprone\error_prone_annotations\2.1.3\error_prone_annotations-2.1.3.jar;C:\Users\Sony\.m2\repository\com\google\j2objc\j2objc-annotations\1.1\j2objc-annotations-1.1.jar;C:\Users\Sony\.m2\repository\org\codehaus\mojo\animal-sniffer-annotations\1.14\animal-sniffer-annotations-1.14.jar;C:\Users\Sony\.m2\repository\com\squareup\okhttp3\okhttp\3.14.9\okhttp-3.14.9.jar;C:\Users\Sony\.m2\repository\com\squareup\okio\okio\1.14.0\okio-1.14.0.jar;C:\Users\Sony\.m2\repository\io\github\bonigarcia\webdrivermanager\3.8.1\webdrivermanager-3.8.1.jar;C:\Users\Sony\.m2\repository\org\slf4j\slf4j-api\1.7.30\slf4j-api-1.7.30.jar;C:\Users\Sony\.m2\repository\commons-io\commons-io\2.6\commons-io-2.6.jar;C:\Users\Sony\.m2\repository\com\google\code\gson\gson\2.8.6\gson-2.8.6.jar;C:\Users\Sony\.m2\repository\org\apache\commons\commons-lang3\3.10\commons-lang3-3.10.jar;C:\Users\Sony\.m2\repository\org\apache\httpcomponents\httpclient\4.5.12\httpclient-4.5.12.jar;C:\Users\Sony\.m2\repository\org\apache\httpcomponents\httpcore\4.4.13\httpcore-4.4.13.jar;C:\Users\Sony\.m2\repository\commons-codec\commons-codec\1.14\commons-codec-1.14.jar;C:\Users\Sony\.m2\repository\org\rauschig\jarchivelib\1.0.0\jarchivelib-1.0.0.jar;C:\Users\Sony\.m2\repository\org\apache\commons\commons-compress\1.18\commons-compress-1.18.jar;C:\Users\Sony\.m2\repository\org\jsoup\jsoup\1.11.3\jsoup-1.11.3.jar;C:\Users\Sony\.m2\repository\org\testng\testng\7.1.0\testng-7.1.0.jar;C:\Users\Sony\.m2\repository\com\beust\jcommander\1.72\jcommander-1.72.jar;C:\Users\Sony\.m2\repository\com\google\inject\guice\4.1.0\guice-4.1.0-no_aop.jar;C:\Users\Sony\.m2\repository\javax\inject\javax.inject\1\javax.inject-1.jar;C:\Users\Sony\.m2\repository\aopalliance\aopalliance\1.0\aopalliance-1.0.jar;C:\Users\Sony\.m2\repository\org\projectlombok\lombok\1.18.12\lombok-1.18.12.jar;C:\Users\Sony\.m2\repository\io\cucumber\cucumber-java\5.6.0\cucumber-java-5.6.0.jar;C:\Users\Sony\.m2\repository\io\cucumber\cucumber-core\5.6.0\cucumber-core-5.6.0.jar;C:\Users\Sony\.m2\repository\io\cucumber\cucumber-gherkin\5.6.0\cucumber-gherkin-5.6.0.jar;C:\Users\Sony\.m2\repository\io\cucumber\cucumber-gherkin-vintage\5.6.0\cucumber-gherkin-vintage-5.6.0.jar;C:\Users\Sony\.m2\repository\io\cucumber\tag-expressions\2.0.4\tag-expressions-2.0.4.jar;C:\Users\Sony\.m2\repository\io\cucumber\cucumber-expressions\8.3.1\cucumber-expressions-8.3.1.jar;C:\Users\Sony\.m2\repository\io\cucumber\datatable\3.3.1\datatable-3.3.1.jar;C:\Users\Sony\.m2\repository\io\cucumber\cucumber-plugin\5.6.0\cucumber-plugin-5.6.0.jar;C:\Users\Sony\.m2\repository\io\cucumber\docstring\5.6.0\docstring-5.6.0.jar;C:\Users\Sony\.m2\repository\org\apiguardian\apiguardian-api\1.1.0\apiguardian-api-1.1.0.jar;C:\Users\Sony\.m2\repository\io\cucumber\cucumber-spring\5.6.0\cucumber-spring-5.6.0.jar;C:\Users\Sony\.m2\repository\io\cucumber\cucumber-testng\5.6.0\cucumber-testng-5.6.0.jar;"/>
    <property name="sun.cpu.endian" value="little"/>
    <property name="user.home" value="C:\Users\Sony"/>
    <property name="user.language" value="en"/>
    <property name="java.specification.vendor" value="Oracle Corporation"/>
    <property name="java.home" value="C:\Program Files\Java\jdk1.8.0_221\jre"/>
    <property name="basedir" value="C:\Users\Sony\Documents\Workspace1\autotest"/>
    <property name="file.separator" value="\"/>
    <property name="line.separator" value="&#10;"/>
    <property name="java.vm.specification.vendor" value="Oracle Corporation"/>
    <property name="java.specification.name" value="Java Platform API Specification"/>
    <property name="java.awt.graphicsenv" value="sun.awt.Win32GraphicsEnvironment"/>
    <property name="surefire.real.class.path" value="C:\Users\Sony\AppData\Local\Temp\surefire5449813196574486658\surefirebooter6766684914409513073.jar"/>
    <property name="sun.boot.class.path" value="C:\Program Files\Java\jdk1.8.0_221\jre\lib\resources.jar;C:\Program Files\Java\jdk1.8.0_221\jre\lib\rt.jar;C:\Program Files\Java\jdk1.8.0_221\jre\lib\sunrsasign.jar;C:\Program Files\Java\jdk1.8.0_221\jre\lib\jsse.jar;C:\Program Files\Java\jdk1.8.0_221\jre\lib\jce.jar;C:\Program Files\Java\jdk1.8.0_221\jre\lib\charsets.jar;C:\Program Files\Java\jdk1.8.0_221\jre\lib\jfr.jar;C:\Program Files\Java\jdk1.8.0_221\jre\classes"/>
    <property name="user.script" value=""/>
    <property name="sun.management.compiler" value="HotSpot 64-Bit Tiered Compilers"/>
    <property name="java.runtime.version" value="1.8.0_221-b11"/>
    <property name="user.name" value="Sony"/>
    <property name="path.separator" value=";"/>
    <property name="os.version" value="10.0"/>
    <property name="java.endorsed.dirs" value="C:\Program Files\Java\jdk1.8.0_221\jre\lib\endorsed"/>
    <property name="java.runtime.name" value="Java(TM) SE Runtime Environment"/>
    <property name="file.encoding" value="Cp1252"/>
    <property name="java.vm.name" value="Java HotSpot(TM) 64-Bit Server VM"/>
    <property name="localRepository" value="C:\Users\Sony\.m2\repository"/>
    <property name="cucumber.options" value="--tags @Smoke"/>
    <property name="java.vendor.url.bug" value="http://bugreport.sun.com/bugreport/"/>
    <property name="java.io.tmpdir" value="C:\Users\Sony\AppData\Local\Temp\"/>
    <property name="java.version" value="1.8.0_221"/>
    <property name="user.dir" value="C:\Users\Sony\Documents\Workspace1\autotest"/>
    <property name="os.arch" value="amd64"/>
    <property name="java.vm.specification.name" value="Java Virtual Machine Specification"/>
    <property name="java.awt.printerjob" value="sun.awt.windows.WPrinterJob"/>
    <property name="sun.os.patch.level" value=""/>
    <property name="java.library.path" value="C:\Program Files\Java\jdk1.8.0_221\jre\bin;C:\Windows\Sun\Java\bin;C:\Windows\system32;C:\Windows;C:\apache-maven-3.6.3\bin;C:\Program Files\Java\jdk1.8.0_221\bin;C:\Program Files (x86)\Common Files\Oracle\Java\javapath;C:\Windows\system32;C:\Windows;C:\Windows\System32\Wbem;C:\Windows\System32\WindowsPowerShell\v1.0\;C:\Windows\System32\OpenSSH\;C:\Users\Sony\AppData\Local\Android\Sdk\tools\bin;C:\Users\Sony\AppData\Local\Android\Sdk\tools;C:\Program Files\Microsoft SQL Server\130\Tools\Binn\;C:\Users\Sony\AppData\Local\Android\Sdk\tools\bin;C:\Users\Sony\AppData\Local\Android\Sdk\tools;C:\Users\Sony\AppData\Local\Android\Sdk\platform-tools;C:\Program Files\nodejs\;C:\Program Files\nodejs;D:\My Personal Data\Software\android-sdk\platform-tools;C:\Program Files\MySQL\MySQL Shell 8.0\bin\;C:\Users\Sony\AppData\Local\Microsoft\WindowsApps;C:\Users\Sony\AppData\Local\Programs\Microsoft VS Code\bin;C:\Users\Sony\AppData\Roaming\npm;."/>
    <property name="java.vm.info" value="mixed mode"/>
    <property name="java.vendor" value="Oracle Corporation"/>
    <property name="java.vm.version" value="25.221-b11"/>
    <property name="java.ext.dirs" value="C:\Program Files\Java\jdk1.8.0_221\jre\lib\ext;C:\Windows\Sun\Java\lib\ext"/>
    <property name="sun.io.unicode.encoding" value="UnicodeLittle"/>
    <property name="java.class.version" value="52.0"/>
  </properties>
  <testcase name="runScenario" classname="com.autotest.steps.CucumberRunner" time="31.005"/>
</testsuite>