<?xml version="1.0" encoding="UTF-8"?>
<!-- Generated by org.testng.reporters.JUnitReportReporter -->
<testsuite skipped="0" hostname="DESKTOP-OPNNFTC" name="com.autotest.tests.LoginTest" tests="1" failures="0" timestamp="2020-09-19T09:25:36 IST" time="57.312" errors="0">
  <testcase name="loginTestValidUser" time="57.312" classname="com.autotest.tests.LoginTest"/>
  <system-out/>
</testsuite> <!-- com.autotest.tests.LoginTest -->
