<?xml version="1.0" encoding="UTF-8"?>
<!-- Generated by org.testng.reporters.JUnitReportReporter -->
<testsuite skipped="0" hostname="DESKTOP-OPNNFTC" name="com.autotest.tests.LoginTest" tests="1" failures="0" timestamp="2020-09-17T18:23:05 IST" time="53.355" errors="0">
  <testcase name="loginTestValidUser" time="53.355" classname="com.autotest.tests.LoginTest"/>
  <system-out/>
</testsuite> <!-- com.autotest.tests.LoginTest -->
