<?xml version="1.0" encoding="UTF-8"?>
<!-- Generated by org.testng.reporters.JUnitReportReporter -->
<testsuite skipped="0" hostname="DESKTOP-OPNNFTC" name="com.autotest.tests.Login2Test" tests="1" failures="0" timestamp="2020-09-12T21:49:40 IST" time="34.050" errors="0">
  <testcase name="loginTestValidUser" time="34.050" classname="com.autotest.tests.Login2Test"/>
  <system-out/>
</testsuite> <!-- com.autotest.tests.Login2Test -->
