<?xml version="1.0" encoding="UTF-8"?>
<!-- Generated by org.testng.reporters.JUnitReportReporter -->
<testsuite skipped="0" hostname="DESKTOP-OPNNFTC" name="com.autotest.tests.CSVUtil" tests="1" failures="0" timestamp="2020-09-17T09:28:05 IST" time="0.027" errors="0">
  <testcase name="displyCSV" time="0.027" classname="com.autotest.tests.CSVUtil"/>
  <system-out/>
</testsuite> <!-- com.autotest.tests.CSVUtil -->
