<?xml version="1.0" encoding="UTF-8"?>
<!-- Generated by org.testng.reporters.JUnitReportReporter -->
<testsuite skipped="0" hostname="DESKTOP-OPNNFTC" name="com.autotest.steps.CucumberRunner" tests="5" failures="0" timestamp="22 Sep 2020 13:34:13 GMT" time="374.021" errors="0">
  <testcase name="runScenario" time="71.725" classname="com.autotest.steps.CucumberRunner"/>
  <testcase name="runScenario" time="73.144" classname="com.autotest.steps.CucumberRunner"/>
  <testcase name="runScenario" time="80.909" classname="com.autotest.steps.CucumberRunner"/>
  <testcase name="runScenario" time="73.987" classname="com.autotest.steps.CucumberRunner"/>
  <testcase name="runScenario" time="74.256" classname="com.autotest.steps.CucumberRunner"/>
</testsuite> <!-- com.autotest.steps.CucumberRunner -->
