<?xml version="1.0" encoding="UTF-8"?>
<!-- Generated by org.testng.reporters.JUnitReportReporter -->
<testsuite skipped="0" hostname="DESKTOP-OPNNFTC" name="com.autotest.steps.CucumberRunner" tests="5" failures="0" timestamp="21 Sep 2020 15:54:22 GMT" time="247.377" errors="0">
  <testcase name="runScenario" time="49.541" classname="com.autotest.steps.CucumberRunner"/>
  <testcase name="runScenario" time="48.886" classname="com.autotest.steps.CucumberRunner"/>
  <testcase name="runScenario" time="52.550" classname="com.autotest.steps.CucumberRunner"/>
  <testcase name="runScenario" time="49.103" classname="com.autotest.steps.CucumberRunner"/>
  <testcase name="runScenario" time="47.297" classname="com.autotest.steps.CucumberRunner"/>
</testsuite> <!-- com.autotest.steps.CucumberRunner -->
