<?xml version="1.0" encoding="UTF-8"?>
<!-- Generated by org.testng.reporters.JUnitReportReporter -->
<testsuite skipped="0" hostname="DESKTOP-OPNNFTC" name="com.autotest.tests.LoginTest" tests="1" failures="0" timestamp="2020-09-12T09:38:09 IST" time="58.435" errors="0">
  <testcase name="loginTestValidUser" time="58.435" classname="com.autotest.tests.LoginTest"/>
  <system-out/>
</testsuite> <!-- com.autotest.tests.LoginTest -->
