<?xml version="1.0" encoding="UTF-8"?>
<!-- Generated by org.testng.reporters.JUnitReportReporter -->
<testsuite skipped="0" hostname="DESKTOP-OPNNFTC" name="com.autotest.steps.CucumberRunner" tests="3" failures="0" timestamp="19 Sep 2020 11:30:30 GMT" time="103.280" errors="0">
  <testcase name="runScenario" time="40.397" classname="com.autotest.steps.CucumberRunner"/>
  <testcase name="runScenario" time="31.993" classname="com.autotest.steps.CucumberRunner"/>
  <testcase name="runScenario" time="30.890" classname="com.autotest.steps.CucumberRunner"/>
</testsuite> <!-- com.autotest.steps.CucumberRunner -->
