<?xml version="1.0" encoding="UTF-8"?>
<!-- Generated by org.testng.reporters.JUnitReportReporter -->
<testsuite skipped="0" hostname="DESKTOP-OPNNFTC" name="com.autotest.steps.CucumberRunner" tests="3" failures="0" timestamp="19 Sep 2020 18:15:02 GMT" time="99.920" errors="0">
  <testcase name="runScenario" time="35.494" classname="com.autotest.steps.CucumberRunner"/>
  <testcase name="runScenario" time="32.400" classname="com.autotest.steps.CucumberRunner"/>
  <testcase name="runScenario" time="32.026" classname="com.autotest.steps.CucumberRunner"/>
</testsuite> <!-- com.autotest.steps.CucumberRunner -->
