<?xml version="1.0" encoding="UTF-8"?>
<!-- Generated by org.testng.reporters.JUnitReportReporter -->
<testsuite skipped="0" hostname="DESKTOP-OPNNFTC" name="com.autotest.steps.CucumberRunner" tests="1" failures="0" timestamp="2020-09-19T17:24:35 IST" time="30.999" errors="0">
  <testcase name="runScenario" time="30.999" classname="com.autotest.steps.CucumberRunner"/>
  <system-out/>
</testsuite> <!-- com.autotest.steps.CucumberRunner -->
