<?xml version="1.0" encoding="UTF-8"?>
<!-- Generated by org.testng.reporters.JUnitReportReporter -->
<testsuite skipped="0" hostname="DESKTOP-OPNNFTC" name="com.autotest.steps.CucumberRunner" tests="2" failures="0" timestamp="2020-09-26T19:33:50 IST" time="78.119" errors="0">
  <testcase name="runScenario" time="20.234" classname="com.autotest.steps.CucumberRunner"/>
  <system-out/>
  <testcase name="runScenario" time="57.885" classname="com.autotest.steps.CucumberRunner"/>
  <system-out/>
</testsuite> <!-- com.autotest.steps.CucumberRunner -->
